# Server version 0.08 running on fbrizu:8123
# Game ID: 71
# Board class: halma.CCBoard
# Timeout: 1000
# Date: Tue Apr 15 08:01:34 EDT 2014
# Player 1: Player-0, 'Human', running on fbrizu
# Player 2: Player-1, 'omni', running on fbrizu
# Player 3: Player-2, 'omni', running on fbrizu
# Player 4: Player-3, 'omni', running on fbrizu
START Player-0 Human
START Player-1 omni
START Player-2 omni
START Player-3 omni
0 (0,3) (2,3)
0 null null
1 (15,2) (13,4)
1 null null
2 (2,15) (4,13)
2 null null
3 (13,14) (12,13)
0 (1,2) (3,4)
0 null null
1 (13,0) (11,2)
1 null null
2 (2,14) (3,13)
3 (14,12) (13,11)
0 (2,2) (2,4)
0 (2,4) (4,4)
0 null null
1 (13,1) (12,2)
2 (3,13) (4,12)
3 (14,13) (13,12)
0 (0,0) (2,2)
0 (2,2) (2,4)
0 null null
1 (15,1) (13,3)
1 null null
2 (0,12) (1,11)
3 (12,15) (11,14)
GAMEOVER USER CANCEL
UNDECIDED
# Game ended: Tue Apr 15 08:03:52 EDT 2014
