# Server version 0.08 running on fbrizu:8123
# Game ID: 112
# Board class: halma.CCBoard
# Timeout: 1000
# Date: Wed Apr 16 04:18:50 EDT 2014
# Player 1: Player-0, 'omni', running on fbrizu
# Player 2: Player-1, 'omni', running on fbrizu
# Player 3: Player-2, 'omni', running on fbrizu
# Player 4: Player-3, 'omni', running on fbrizu
START Player-0 omni
START Player-1 omni
START Player-2 omni
START Player-3 omni
0 (0,2) (2,4)
0 null null
1 (15,2) (13,4)
1 null null
2 (1,14) (3,12)
2 null null
3 (15,13) (13,11)
3 null null
0 (1,3) (3,5)
0 null null
1 (13,0) (11,2)
1 null null
2 (0,13) (2,11)
2 null null
3 (14,12) (12,10)
3 null null
0 (1,1) (3,3)
0 null null
1 (12,1) (10,3)
1 null null
2 (1,15) (3,13)
2 null null
3 (13,11) (11,9)
3 null null
0 (1,0) (3,2)
0 null null
1 (11,2) (9,4)
1 null null
2 (2,14) (4,12)
2 null null
3 (12,10) (10,8)
3 null null
0 (2,1) (4,3)
0 null null
1 (14,1) (12,3)
1 null null
2 (2,15) (4,13)
2 null null
3 (11,9) (9,7)
3 null null
0 (2,0) (4,2)
0 null null
1 (14,0) (12,2)
1 null null
2 (3,14) (5,12)
2 null null
3 (10,8) (8,6)
3 null null
0 (3,1) (5,3)
0 null null
1 (13,1) (11,3)
1 null null
2 (0,14) (2,12)
2 null null
3 (9,7) (7,5)
3 null null
0 (2,4) (4,6)
0 null null
1 (12,2) (10,4)
1 null null
2 (1,12) (3,10)
2 null null
3 (13,15) (11,13)
3 null null
0 (3,5) (5,7)
0 null null
1 (11,3) (9,5)
1 (9,5) (7,7)
1 null null
2 (2,11) (4,9)
2 null null
3 (12,14) (10,12)
3 null null
0 (4,6) (6,8)
0 null null
1 (7,7) (5,9)
1 null null
2 (3,10) (5,8)
2 null null
3 (11,13) (9,11)
3 null null
0 (5,7) (7,9)
0 null null
1 (13,2) (11,4)
1 null null
2 (4,9) (6,7)
2 null null
3 (10,12) (8,10)
3 null null
0 (0,1) (2,3)
0 null null
1 (12,3) (10,5)
1 null null
2 (5,8) (7,6)
2 null null
3 (15,14) (13,12)
3 null null
0 (3,2) (5,4)
0 null null
1 (15,1) (13,3)
1 null null
2 (6,7) (8,5)
2 null null
3 (14,13) (12,11)
3 null null
0 (4,3) (6,5)
0 (6,5) (8,7)
0 null null
1 (14,2) (12,4)
1 null null
2 (3,13) (5,11)
2 null null
3 (8,6) (6,4)
3 null null
0 (1,2) (3,4)
0 null null
1 (13,3) (11,5)
1 null null
2 (1,13) (3,11)
2 null null
3 (14,15) (12,13)
3 null null
0 (2,3) (4,5)
0 null null
1 (12,4) (10,6)
1 null null
2 (2,12) (4,10)
2 null null
3 (13,14) (11,12)
3 null null
0 (3,4) (5,6)
0 null null
1 (11,5) (9,7)
1 null null
2 (2,13) (4,11)
2 null null
3 (12,13) (10,11)
3 null null
0 (4,5) (6,7)
0 null null
1 (10,6) (8,8)
1 (8,8) (6,10)
1 null null
2 (3,12) (5,10)
2 null null
3 (11,12) (9,10)
3 null null
0 (5,6) (7,8)
0 null null
1 (14,3) (12,5)
1 null null
2 (4,11) (6,9)
2 null null
3 (13,12) (11,10)
3 null null
0 (6,7) (8,9)
0 null null
1 (13,4) (11,6)
1 null null
2 (4,13) (6,11)
2 null null
3 (12,11) (10,9)
3 null null
0 (2,2) (4,4)
0 null null
1 (12,5) (10,7)
1 null null
2 (5,12) (7,10)
2 (7,10) (9,8)
2 null null
3 (14,14) (12,12)
3 null null
0 (3,3) (5,5)
0 null null
1 (11,4) (9,6)
1 null null
2 (6,11) (7,10)
3 (13,13) (11,11)
3 null null
0 (4,4) (6,6)
0 null null
1 (9,7) (8,8)
2 (0,12) (1,11)
3 (12,12) (10,10)
3 null null
0 (5,5) (7,7)
0 (7,7) (9,9)
0 null null
1 (12,0) (11,1)
2 (1,11) (2,10)
3 (12,15) (11,14)
0 (3,0) (4,1)
1 (15,3) (14,4)
2 (2,10) (3,9)
3 (15,12) (14,11)
0 (4,1) (5,2)
1 (14,4) (13,5)
2 (3,15) (4,14)
3 (11,14) (10,13)
0 (5,2) (6,3)
1 (13,5) (12,6)
2 (4,14) (5,13)
3 (10,13) (9,12)
0 (6,3) (7,4)
1 (12,6) (11,7)
2 (5,13) (6,12)
3 (14,11) (13,10)
0 (0,3) (1,4)
1 (11,7) (10,8)
2 (3,9) (4,8)
3 (13,10) (12,9)
0 (1,4) (2,5)
1 (10,4) (9,5)
2 (4,8) (5,7)
3 (9,12) (8,11)
0 (2,5) (3,6)
1 (9,5) (8,6)
2 (0,15) (1,14)
3 (12,9) (11,8)
0 (5,4) (6,5)
1 (8,6) (7,7)
2 (1,14) (2,13)
3 (15,15) (14,14)
0 (3,6) (4,7)
1 (11,1) (10,2)
2 (2,13) (3,12)
3 (14,14) (13,13)
0 (4,7) (5,8)
1 (10,2) (9,3)
2 (3,12) (4,11)
3 (13,13) (12,12)
0 (0,0) (1,1)
1 (9,3) (8,4)
2 (6,12) (7,11)
3 (11,8) (11,7)
0 (1,1) (2,2)
1 (15,0) (14,1)
2 (5,7) (4,7)
3 (11,7) (10,6)
0 (2,2) (3,3)
1 (14,1) (13,2)
2 (4,7) (5,6)
3 (10,6) (9,5)
0 (3,3) (4,4)
1 (13,2) (12,3)
2 (4,10) (4,9)
3 (9,5) (7,3)
3 null null
0 (4,4) (5,5)
1 (5,9) (4,10)
2 (3,11) (5,9)
2 null null
3 (7,3) (6,2)
0 (6,5) (5,4)
1 (12,3) (11,4)
2 (4,9) (6,7)
2 null null
3 (6,2) (5,1)
0 (5,4) (6,5)
1 (4,10) (3,11)
2 (5,9) (4,9)
3 (5,1) (4,0)
0 (4,2) (4,3)
1 (7,7) (5,9)
1 null null
2 (5,11) (6,11)
3 (6,4) (4,2)
3 null null
0 (5,5) (7,7)
0 null null
1 (5,9) (4,10)
2 (4,12) (5,11)
3 (7,5) (6,4)
0 (5,3) (7,5)
0 null null
1 (6,10) (4,12)
1 null null
2 (5,11) (6,10)
3 (6,4) (5,3)
0 (4,3) (5,4)
1 (4,10) (2,12)
1 null null
2 (6,7) (4,5)
2 (4,5) (6,3)
2 null null
3 (5,3) (3,1)
3 null null
0 (7,5) (8,6)
1 (3,11) (1,13)
1 null null
2 (4,9) (6,7)
2 null null
3 (4,2) (2,0)
3 null null
0 (8,6) (9,7)
1 (2,12) (0,14)
1 null null
2 (6,3) (7,2)
GAMEOVER TIMEOUT Player-3
WINNER Player-1
# Game ended: Wed Apr 16 04:19:09 EDT 2014
