# Server version 0.08 running on ubuntu:8123
# Game ID: 145
# Board class: halma.CCBoard
# Timeout: 1000
# Date: Wed Apr 16 11:05:21 EDT 2014
# Player 1: Player-0, 'Human', running on localhost
# Player 2: Player-1, 'omni', running on localhost
# Player 3: Player-2, 'omni', running on localhost
# Player 4: Player-3, 'omni', running on localhost
START Player-0 Human
START Player-1 omni
START Player-2 omni
START Player-3 omni
0 (2,2) (3,3)
1 (15,2) (13,4)
1 null null
2 (1,14) (3,12)
2 null null
3 (15,13) (13,11)
3 null null
0 (0,0) (2,2)
0 (2,2) (4,4)
0 null null
1 (13,0) (11,2)
1 null null
2 (0,13) (2,11)
2 null null
3 (14,12) (12,10)
3 null null
0 (0,1) (2,3)
0 (2,3) (4,3)
0 (4,3) (4,5)
0 null null
1 (12,1) (10,3)
1 null null
2 (1,15) (3,13)
2 null null
3 (13,11) (11,9)
3 null null
GAMEOVER USER CANCEL
UNDECIDED
# Game ended: Wed Apr 16 11:06:01 EDT 2014
