# Server version 0.08 running on ubuntu:8123
# Game ID: 152
# Board class: halma.CCBoard
# Timeout: 1000
# Date: Wed Apr 16 12:02:09 EDT 2014
# Player 1: Player-0, 's260429423Player', running on localhost
# Player 2: Player-1, 's260429423Player', running on localhost
# Player 3: Player-2, 's260429423Player', running on localhost
# Player 4: Player-3, 's260429423Player', running on localhost
START Player-0 s260429423Player
START Player-1 s260429423Player
START Player-2 s260429423Player
START Player-3 s260429423Player
0 (2,2) (3,3)
1 (15,2) (13,4)
1 null null
2 (1,14) (3,12)
2 null null
3 (15,13) (13,11)
3 null null
0 (0,0) (2,2)
0 (2,2) (4,4)
0 null null
GAMEOVER ILLEGAL MOVE: Player 1 end turn
WINNER Player-0
# Game ended: Wed Apr 16 12:02:10 EDT 2014
