# Server version 0.08 running on fbrizu:8123
# Game ID: 21
# Board class: halma.CCBoard
# Timeout: 1000
# Date: Sun Mar 30 23:09:49 EDT 2014
# Player 1: Player-0, 'omni', running on fbrizu
# Player 2: Player-1, 'random', running on fbrizu
# Player 3: Player-2, 'random', running on fbrizu
# Player 4: Player-3, 'random', running on fbrizu
START Player-0 omni
START Player-1 random
START Player-2 random
START Player-3 random
0 (1,2) (2,3)
1 (12,1) (11,0)
2 (1,13) (1,11)
2 null null
3 (14,12) (13,11)
0 (1,3) (2,4)
1 (15,2) (13,4)
1 (13,4) (15,2)
1 (15,2) (13,4)
1 null null
2 (3,15) (4,15)
3 (13,15) (11,13)
3 null null
0 (0,2) (1,3)
1 (14,1) (12,3)
1 (12,3) (14,5)
1 null null
2 (3,14) (4,13)
3 (14,14) (12,12)
3 (12,12) (10,14)
3 (10,14) (12,12)
3 (12,12) (14,10)
3 (14,10) (12,12)
3 null null
0 (1,3) (3,5)
GAMEOVER TIMEOUT Player-0
WINNER Player-1
# Game ended: Sun Mar 30 23:10:08 EDT 2014
