# Server version 0.08 running on fbrizu:8123
# Game ID: 17
# Board class: halma.CCBoard
# Timeout: 1000
# Date: Sun Mar 30 23:01:06 EDT 2014
# Player 1: Player-0, 'omni', running on fbrizu
# Player 2: Player-1, 'random', running on fbrizu
# Player 3: Player-2, 'random', running on fbrizu
# Player 4: Player-3, 'random', running on fbrizu
START Player-0 omni
START Player-1 random
START Player-2 random
START Player-3 random
0 (3,0) (4,1)
1 (15,3) (15,4)
2 (2,13) (2,12)
3 (12,14) (11,13)
0 (3,1) (4,2)
1 (12,1) (12,2)
2 (3,14) (4,15)
3 (15,12) (14,11)
0 (2,1) (3,2)
1 (13,2) (11,2)
1 null null
2 (2,15) (3,14)
3 (11,13) (12,13)
0 (0,1) (2,3)
GAMEOVER TIMEOUT Player-0
WINNER Player-1
# Game ended: Sun Mar 30 23:01:25 EDT 2014
