# Server version 0.08 running on fbrizu:8123
# Game ID: 23
# Board class: halma.CCBoard
# Timeout: 1000
# Date: Sun Mar 30 23:21:01 EDT 2014
# Player 1: Player-0, 'omni', running on fbrizu
# Player 2: Player-1, 'random', running on fbrizu
# Player 3: Player-2, 'random', running on fbrizu
# Player 4: Player-3, 'random', running on fbrizu
START Player-0 omni
START Player-1 random
START Player-2 random
START Player-3 random
0 (2,2) (3,3)
1 (14,1) (12,3)
1 (12,3) (14,1)
1 null null
2 (0,12) (1,11)
3 (12,15) (12,13)
3 null null
0 (0,0) (2,2)
GAMEOVER TIMEOUT Player-0
WINNER Player-1
# Game ended: Sun Mar 30 23:21:21 EDT 2014
