# Server version 0.08 running on fbrizu:8123
# Game ID: 8
# Board class: halma.CCBoard
# Timeout: 1000
# Date: Sun Mar 30 22:27:14 EDT 2014
# Player 1: Player-0, 'omni', running on fbrizu
# Player 2: Player-1, 'random', running on fbrizu
# Player 3: Player-2, 'random', running on fbrizu
# Player 4: Player-3, 'random', running on fbrizu
START Player-0 omni
START Player-1 random
START Player-2 random
START Player-3 random
0 (0,3) (0,4)
1 (14,1) (12,3)
1 null null
2 (1,12) (1,11)
3 (13,14) (11,14)
3 null null
0 (0,2) (0,3)
1 (12,1) (12,2)
2 (1,13) (2,12)
3 (11,14) (11,15)
0 (2,0) (4,2)
GAMEOVER TIMEOUT Player-0
WINNER Player-1
# Game ended: Sun Mar 30 22:27:33 EDT 2014
