# Server version 0.08 running on fbrizu:8123
# Game ID: 20
# Board class: halma.CCBoard
# Timeout: 1000
# Date: Sun Mar 30 23:07:28 EDT 2014
# Player 1: Player-0, 'omni', running on fbrizu
# Player 2: Player-1, 'random', running on fbrizu
# Player 3: Player-2, 'random', running on fbrizu
# Player 4: Player-3, 'random', running on fbrizu
START Player-0 omni
START Player-1 random
START Player-2 random
START Player-3 random
0 (1,2) (2,3)
1 (13,2) (11,0)
1 null null
2 (1,12) (2,12)
3 (14,13) (13,12)
0 (1,0) (3,2)
GAMEOVER TIMEOUT Player-0
WINNER Player-1
# Game ended: Sun Mar 30 23:07:47 EDT 2014
