# Server version 0.08 running on fbrizu:8123
# Game ID: 88
# Board class: halma.CCBoard
# Timeout: 1000
# Date: Tue Apr 15 17:45:37 EDT 2014
# Player 1: Player-0, 'omni', running on fbrizu
# Player 2: Player-1, 'omni', running on fbrizu
# Player 3: Player-2, 'omni', running on fbrizu
# Player 4: Player-3, 'omni', running on fbrizu
START Player-0 omni
START Player-1 omni
START Player-2 omni
START Player-3 omni
0 (0,2) (2,4)
0 null null
1 (15,2) (13,4)
1 null null
GAMEOVER TIMEOUT Player-2
WINNER Player-0
# Game ended: Tue Apr 15 17:45:56 EDT 2014
