# Server version 0.08 running on ubuntu:8123
# Game ID: 146
# Board class: halma.CCBoard
# Timeout: 1000
# Date: Wed Apr 16 11:06:07 EDT 2014
# Player 1: Player-0, 'Human', running on localhost
# Player 2: Player-1, 'omni', running on localhost
# Player 3: Player-2, 'omni', running on localhost
# Player 4: Player-3, 'omni', running on localhost
START Player-0 Human
START Player-1 omni
START Player-2 omni
START Player-3 omni
0 (2,2) (3,3)
1 (15,2) (13,4)
1 null null
2 (1,14) (3,12)
2 null null
3 (15,13) (13,11)
3 null null
GAMEOVER USER CANCEL
UNDECIDED
