# Server version 0.08 running on fbrizu:8123
# Game ID: 15
# Board class: halma.CCBoard
# Timeout: 1000
# Date: Sun Mar 30 22:49:09 EDT 2014
# Player 1: Player-0, 'omni', running on fbrizu
# Player 2: Player-1, 'random', running on fbrizu
# Player 3: Player-2, 'random', running on fbrizu
# Player 4: Player-3, 'random', running on fbrizu
START Player-0 omni
START Player-1 random
START Player-2 random
START Player-3 random
0 (0,3) (1,4)
1 (13,0) (11,0)
1 (11,0) (13,0)
1 (13,0) (11,2)
1 null null
2 (0,12) (0,11)
3 (15,13) (15,11)
3 null null
0 (2,1) (3,2)
1 (12,0) (12,2)
1 (12,2) (12,0)
1 null null
2 (1,13) (2,12)
3 (12,14) (11,14)
0 (1,4) (2,5)
1 (13,1) (11,1)
1 null null
2 (1,14) (3,12)
2 (3,12) (1,14)
2 null null
3 (11,14) (11,15)
0 (3,1) (4,2)
1 (12,0) (13,1)
2 (3,14) (4,13)
3 (14,14) (12,12)
3 (12,12) (14,14)
3 (14,14) (12,14)
3 (12,14) (14,14)
3 (14,14) (12,12)
3 null null
0 (1,1) (3,3)
GAMEOVER TIMEOUT Player-0
WINNER Player-1
# Game ended: Sun Mar 30 22:49:29 EDT 2014
