# Server version 0.08 running on fbrizu:8123
# Game ID: 31
# Board class: halma.CCBoard
# Timeout: 1000
# Date: Tue Apr 01 18:41:40 EDT 2014
# Player 1: Player-0, 'omni', running on fbrizu
# Player 2: Player-1, 'random', running on fbrizu
# Player 3: Player-2, 'random', running on fbrizu
# Player 4: Player-3, 'random', running on fbrizu
START Player-0 omni
START Player-1 random
START Player-2 random
START Player-3 random
0 (2,2) (3,3)
1 (13,1) (13,3)
1 null null
2 (2,13) (3,12)
3 (15,12) (13,12)
3 (13,12) (15,12)
3 (15,12) (13,12)
3 (13,12) (15,12)
3 (15,12) (13,12)
3 (13,12) (15,12)
3 null null
0 (0,0) (2,2)
GAMEOVER TIMEOUT Player-0
WINNER Player-1
# Game ended: Tue Apr 01 18:41:59 EDT 2014
