# Server version 0.08 running on fbrizu:8123
# Game ID: 24
# Board class: halma.CCBoard
# Timeout: 1000
# Date: Sun Mar 30 23:24:11 EDT 2014
# Player 1: Player-0, 'omni', running on fbrizu
# Player 2: Player-1, 'random', running on fbrizu
# Player 3: Player-2, 'random', running on fbrizu
# Player 4: Player-3, 'random', running on fbrizu
START Player-0 omni
START Player-1 random
START Player-2 random
START Player-3 random
0 (2,2) (3,3)
1 (14,0) (12,2)
1 (12,2) (14,0)
1 null null
2 (3,15) (4,14)
3 (13,13) (12,13)
0 (0,0) (2,2)
GAMEOVER TIMEOUT Player-0
WINNER Player-1
# Game ended: Sun Mar 30 23:24:30 EDT 2014
