# Server version 0.08 running on fbrizu:8123
# Game ID: 16
# Board class: halma.CCBoard
# Timeout: 1000
# Date: Sun Mar 30 22:53:13 EDT 2014
# Player 1: Player-0, 'omni', running on fbrizu
# Player 2: Player-1, 'random', running on fbrizu
# Player 3: Player-2, 'random', running on fbrizu
# Player 4: Player-3, 'random', running on fbrizu
START Player-0 omni
START Player-1 random
START Player-2 random
START Player-3 random
0 (0,3) (1,4)
1 (13,2) (12,3)
2 (3,14) (4,13)
3 (14,12) (13,12)
0 (0,2) (2,4)
GAMEOVER TIMEOUT Player-0
WINNER Player-1
# Game ended: Sun Mar 30 22:53:32 EDT 2014
